TpTrace Verbose: 0 : 13016, 1, 2021/12/14, 16:50:07.295, 1153470175898, vstest.console.dll, Version: 17.0.0
TpTrace Information: 0 : 13016, 1, 2021/12/14, 16:50:07.304, 1153470259760, vstest.console.dll, FilePatternParser: The given file C:\opitech.clases\Perona.Api\UnitTest\bin\Debug\net5.0\fine-code-coverage\build-output\UnitTest.dll is a full path.
TpTrace Verbose: 0 : 13016, 1, 2021/12/14, 16:50:07.309, 1153470306709, vstest.console.dll, TestPluginCache.DiscoverTestExtensions: finding test extensions in assemblies ends with: RuntimeProvider.dll TPluginInfo: Microsoft.VisualStudio.TestPlatform.Common.ExtensionFramework.Utilities.TestRuntimePluginInformation TExtension: Microsoft.VisualStudio.TestPlatform.ObjectModel.Host.ITestRuntimeProvider
TpTrace Verbose: 0 : 13016, 1, 2021/12/14, 16:50:07.310, 1153470311627, vstest.console.dll, TestPluginCache.GetExtensionPaths: Filtered extension paths: 
TpTrace Verbose: 0 : 13016, 1, 2021/12/14, 16:50:07.310, 1153470313197, vstest.console.dll, TestPluginCache.GetExtensionPaths: Added default extension paths: C:\Program Files\dotnet\sdk\6.0.100\Extensions\Microsoft.Diagnostics.NETCore.Client.dll
C:\Program Files\dotnet\sdk\6.0.100\Extensions\Microsoft.TestPlatform.Extensions.BlameDataCollector.dll
C:\Program Files\dotnet\sdk\6.0.100\Extensions\Microsoft.TestPlatform.Extensions.EventLogCollector.dll
C:\Program Files\dotnet\sdk\6.0.100\Extensions\Microsoft.TestPlatform.TestHostRuntimeProvider.dll
C:\Program Files\dotnet\sdk\6.0.100\Extensions\Microsoft.VisualStudio.TestPlatform.Extensions.Html.TestLogger.dll
C:\Program Files\dotnet\sdk\6.0.100\Extensions\Microsoft.VisualStudio.TestPlatform.Extensions.Trx.TestLogger.dll
TpTrace Verbose: 0 : 13016, 1, 2021/12/14, 16:50:07.310, 1153470313503, vstest.console.dll, TestPluginCache.GetExtensionPaths: Added unfilterableExtensionPaths: 
TpTrace Information: 0 : 13016, 1, 2021/12/14, 16:50:07.310, 1153470320962, vstest.console.dll, AssemblyResolver.ctor: Creating AssemblyResolver with searchDirectories C:\Program Files\dotnet\sdk\6.0.100\Extensions,C:\Program Files\dotnet\sdk\6.0.100
TpTrace Verbose: 0 : 13016, 1, 2021/12/14, 16:50:07.312, 1153470333419, vstest.console.dll, TestPluginCache.DiscoverTestExtensions: Discovering the extensions using extension path.
TpTrace Verbose: 0 : 13016, 1, 2021/12/14, 16:50:07.312, 1153470334893, vstest.console.dll, TestPluginCache.GetExtensionPaths: Filtered extension paths: 
TpTrace Verbose: 0 : 13016, 1, 2021/12/14, 16:50:07.312, 1153470335154, vstest.console.dll, TestPluginCache.GetExtensionPaths: Added default extension paths: C:\Program Files\dotnet\sdk\6.0.100\Extensions\Microsoft.Diagnostics.NETCore.Client.dll
C:\Program Files\dotnet\sdk\6.0.100\Extensions\Microsoft.TestPlatform.Extensions.BlameDataCollector.dll
C:\Program Files\dotnet\sdk\6.0.100\Extensions\Microsoft.TestPlatform.Extensions.EventLogCollector.dll
C:\Program Files\dotnet\sdk\6.0.100\Extensions\Microsoft.TestPlatform.TestHostRuntimeProvider.dll
C:\Program Files\dotnet\sdk\6.0.100\Extensions\Microsoft.VisualStudio.TestPlatform.Extensions.Html.TestLogger.dll
C:\Program Files\dotnet\sdk\6.0.100\Extensions\Microsoft.VisualStudio.TestPlatform.Extensions.Trx.TestLogger.dll
TpTrace Verbose: 0 : 13016, 1, 2021/12/14, 16:50:07.312, 1153470335391, vstest.console.dll, TestPluginCache.GetExtensionPaths: Added unfilterableExtensionPaths: 
TpTrace Verbose: 0 : 13016, 1, 2021/12/14, 16:50:07.312, 1153470335823, vstest.console.dll, TestPluginCache.DiscoverTestExtensions: Discovering the extensions using allExtensionPaths: C:\Program Files\dotnet\sdk\6.0.100\Extensions\Microsoft.Diagnostics.NETCore.Client.dll
C:\Program Files\dotnet\sdk\6.0.100\Extensions\Microsoft.TestPlatform.Extensions.BlameDataCollector.dll
C:\Program Files\dotnet\sdk\6.0.100\Extensions\Microsoft.TestPlatform.Extensions.EventLogCollector.dll
C:\Program Files\dotnet\sdk\6.0.100\Extensions\Microsoft.TestPlatform.TestHostRuntimeProvider.dll
C:\Program Files\dotnet\sdk\6.0.100\Extensions\Microsoft.VisualStudio.TestPlatform.Extensions.Html.TestLogger.dll
C:\Program Files\dotnet\sdk\6.0.100\Extensions\Microsoft.VisualStudio.TestPlatform.Extensions.Trx.TestLogger.dll
TpTrace Information: 0 : 13016, 1, 2021/12/14, 16:50:07.312, 1153470337244, vstest.console.dll, AssemblyResolver.AddSearchDirectories: Adding more searchDirectories C:\Program Files\dotnet\sdk\6.0.100\Extensions,C:\Program Files\dotnet\sdk\6.0.100
TpTrace Information: 0 : 13016, 1, 2021/12/14, 16:50:07.312, 1153470337623, vstest.console.dll, AssemblyResolver.AddSearchDirectories: Adding more searchDirectories C:\Program Files\dotnet\sdk\6.0.100\Extensions,C:\Program Files\dotnet\sdk\6.0.100
TpTrace Information: 0 : 13016, 1, 2021/12/14, 16:50:07.312, 1153470337853, vstest.console.dll, AssemblyResolver.AddSearchDirectories: Adding more searchDirectories C:\Program Files\dotnet\sdk\6.0.100\Extensions,C:\Program Files\dotnet\sdk\6.0.100
TpTrace Information: 0 : 13016, 1, 2021/12/14, 16:50:07.312, 1153470338028, vstest.console.dll, AssemblyResolver.AddSearchDirectories: Adding more searchDirectories C:\Program Files\dotnet\sdk\6.0.100\Extensions,C:\Program Files\dotnet\sdk\6.0.100
TpTrace Information: 0 : 13016, 1, 2021/12/14, 16:50:07.312, 1153470338200, vstest.console.dll, AssemblyResolver.AddSearchDirectories: Adding more searchDirectories C:\Program Files\dotnet\sdk\6.0.100\Extensions,C:\Program Files\dotnet\sdk\6.0.100
TpTrace Information: 0 : 13016, 1, 2021/12/14, 16:50:07.312, 1153470338414, vstest.console.dll, AssemblyResolver.AddSearchDirectories: Adding more searchDirectories C:\Program Files\dotnet\sdk\6.0.100\Extensions,C:\Program Files\dotnet\sdk\6.0.100
TpTrace Information: 0 : 13016, 1, 2021/12/14, 16:50:07.312, 1153470340928, vstest.console.dll, AssemblyResolver.OnResolve: Microsoft.Diagnostics.NETCore.Client: Resolving assembly.
TpTrace Information: 0 : 13016, 1, 2021/12/14, 16:50:07.313, 1153470341415, vstest.console.dll, AssemblyResolver.OnResolve: Microsoft.Diagnostics.NETCore.Client: Searching in: 'C:\Program Files\dotnet\sdk\6.0.100\Extensions'.
TpTrace Information: 0 : 13016, 1, 2021/12/14, 16:50:07.313, 1153470349302, vstest.console.dll, AssemblyResolver.OnResolve: Microsoft.Diagnostics.NETCore.Client: Loading assembly 'C:\Program Files\dotnet\sdk\6.0.100\Extensions\Microsoft.Diagnostics.NETCore.Client.dll'.
TpTrace Information: 0 : 13016, 1, 2021/12/14, 16:50:07.314, 1153470357254, vstest.console.dll, AssemblyResolver.OnResolve: Resolved assembly: Microsoft.Diagnostics.NETCore.Client, from path: C:\Program Files\dotnet\sdk\6.0.100\Extensions\Microsoft.Diagnostics.NETCore.Client.dll
TpTrace Information: 0 : 13016, 1, 2021/12/14, 16:50:07.320, 1153470419501, vstest.console.dll, AssemblyResolver.OnResolve: Microsoft.Bcl.AsyncInterfaces: Resolving assembly.
TpTrace Information: 0 : 13016, 1, 2021/12/14, 16:50:07.321, 1153470421476, vstest.console.dll, AssemblyResolver.OnResolve: Microsoft.Bcl.AsyncInterfaces: Searching in: 'C:\Program Files\dotnet\sdk\6.0.100\Extensions'.
TpTrace Information: 0 : 13016, 1, 2021/12/14, 16:50:07.321, 1153470423064, vstest.console.dll, AssemblyResolver.OnResolve: Microsoft.Bcl.AsyncInterfaces: Assembly path does not exist: 'C:\Program Files\dotnet\sdk\6.0.100\Extensions\Microsoft.Bcl.AsyncInterfaces.dll', returning.
TpTrace Information: 0 : 13016, 1, 2021/12/14, 16:50:07.321, 1153470423709, vstest.console.dll, AssemblyResolver.OnResolve: Microsoft.Bcl.AsyncInterfaces: Assembly path does not exist: 'C:\Program Files\dotnet\sdk\6.0.100\Extensions\Microsoft.Bcl.AsyncInterfaces.exe', returning.
TpTrace Information: 0 : 13016, 1, 2021/12/14, 16:50:07.321, 1153470423898, vstest.console.dll, AssemblyResolver.OnResolve: Microsoft.Bcl.AsyncInterfaces: Searching in: 'C:\Program Files\dotnet\sdk\6.0.100'.
TpTrace Information: 0 : 13016, 1, 2021/12/14, 16:50:07.321, 1153470424395, vstest.console.dll, AssemblyResolver.OnResolve: Microsoft.Bcl.AsyncInterfaces: Assembly path does not exist: 'C:\Program Files\dotnet\sdk\6.0.100\Microsoft.Bcl.AsyncInterfaces.dll', returning.
TpTrace Information: 0 : 13016, 1, 2021/12/14, 16:50:07.321, 1153470424748, vstest.console.dll, AssemblyResolver.OnResolve: Microsoft.Bcl.AsyncInterfaces: Assembly path does not exist: 'C:\Program Files\dotnet\sdk\6.0.100\Microsoft.Bcl.AsyncInterfaces.exe', returning.
TpTrace Information: 0 : 13016, 1, 2021/12/14, 16:50:07.321, 1153470425725, vstest.console.dll, AssemblyResolver.OnResolve: Microsoft.Bcl.AsyncInterfaces: Failed to load assembly.
TpTrace Verbose: 0 : 13016, 1, 2021/12/14, 16:50:07.321, 1153470426567, vstest.console.dll, CurrentDomainAssemblyResolve: Resolving assembly 'Microsoft.Bcl.AsyncInterfaces'.
TpTrace Information: 0 : 13016, 1, 2021/12/14, 16:50:07.321, 1153470427445, vstest.console.dll, AssemblyResolver.OnResolve: Microsoft.Bcl.AsyncInterfaces: Resolving assembly.
TpTrace Information: 0 : 13016, 1, 2021/12/14, 16:50:07.321, 1153470427889, vstest.console.dll, AssemblyResolver.OnResolve: Microsoft.Bcl.AsyncInterfaces: Resolved from cache.
TpTrace Verbose: 0 : 13016, 1, 2021/12/14, 16:50:07.321, 1153470428096, vstest.console.dll, CurrentDomainAssemblyResolve: Resolving assembly 'Microsoft.Bcl.AsyncInterfaces'.
TpTrace Verbose: 0 : 13016, 1, 2021/12/14, 16:50:07.321, 1153470428460, vstest.console.dll, CurrentDomainAssemblyResolve: Failed to resolve assembly 'Microsoft.Bcl.AsyncInterfaces'.
TpTrace Verbose: 0 : 13016, 1, 2021/12/14, 16:50:07.322, 1153470433617, vstest.console.dll, CurrentDomainAssemblyResolve: Failed to resolve assembly 'Microsoft.Bcl.AsyncInterfaces'.
TpTrace Warning: 0 : 13016, 1, 2021/12/14, 16:50:07.335, 1153470563173, vstest.console.dll, TestPluginDiscoverer: Failed to get types from assembly 'Microsoft.Diagnostics.NETCore.Client, Version=0.2.4.21401, Culture=neutral, PublicKeyToken=31bf3856ad364e35'.  Skipping test extension scan for this assembly.  Error: System.Reflection.ReflectionTypeLoadException: Unable to load one or more of the requested types.
Could not load file or assembly 'Microsoft.Bcl.AsyncInterfaces, Version=1.0.0.0, Culture=neutral, PublicKeyToken=cc7b13ffcd2ddd51'. The system cannot find the file specified.
   at System.Reflection.RuntimeModule.GetTypes(RuntimeModule module)
   at System.Reflection.Assembly.GetTypes()
   at Microsoft.VisualStudio.TestPlatform.Common.ExtensionFramework.TestPluginDiscoverer.GetTestExtensionsFromAssembly[TPluginInfo,TExtension](Assembly assembly, Dictionary`2 pluginInfos)
System.IO.FileNotFoundException: Could not load file or assembly 'Microsoft.Bcl.AsyncInterfaces, Version=1.0.0.0, Culture=neutral, PublicKeyToken=cc7b13ffcd2ddd51'. The system cannot find the file specified.
File name: 'Microsoft.Bcl.AsyncInterfaces, Version=1.0.0.0, Culture=neutral, PublicKeyToken=cc7b13ffcd2ddd51'
 ---> System.IO.FileNotFoundException: Could not load file or assembly 'Microsoft.Bcl.AsyncInterfaces, Culture=neutral, PublicKeyToken=null'. The system cannot find the file specified.
File name: 'Microsoft.Bcl.AsyncInterfaces, Culture=neutral, PublicKeyToken=null'
   at System.Reflection.RuntimeAssembly.InternalLoad(ObjectHandleOnStack assemblyName, ObjectHandleOnStack requestingAssembly, StackCrawlMarkHandle stackMark, Boolean throwOnFileNotFound, ObjectHandleOnStack assemblyLoadContext, ObjectHandleOnStack retAssembly)
   at System.Reflection.RuntimeAssembly.InternalLoad(AssemblyName assemblyName, RuntimeAssembly requestingAssembly, StackCrawlMark& stackMark, Boolean throwOnFileNotFound, AssemblyLoadContext assemblyLoadContext)
   at System.Reflection.Assembly.Load(AssemblyName assemblyRef)
   at Microsoft.VisualStudio.TestPlatform.Common.ExtensionFramework.TestPluginCache.CurrentDomainAssemblyResolve(Object sender, AssemblyResolveEventArgs args)
   at Microsoft.VisualStudio.TestPlatform.PlatformAbstractions.PlatformAssemblyResolver.AssemblyResolverEvent(Object sender, Object eventArgs)
   at System.Runtime.Loader.AssemblyLoadContext.GetFirstResolvedAssemblyFromResolvingEvent(AssemblyName assemblyName)
   at System.Runtime.Loader.AssemblyLoadContext.ResolveUsingEvent(AssemblyName assemblyName)
   at System.Runtime.Loader.AssemblyLoadContext.ResolveUsingResolvingEvent(IntPtr gchManagedAssemblyLoadContext, AssemblyName assemblyName)
TpTrace Warning: 0 : 13016, 1, 2021/12/14, 16:50:07.335, 1153470565490, vstest.console.dll, LoaderExceptions: System.IO.FileNotFoundException: Could not load file or assembly 'Microsoft.Bcl.AsyncInterfaces, Version=1.0.0.0, Culture=neutral, PublicKeyToken=cc7b13ffcd2ddd51'. The system cannot find the file specified.
File name: 'Microsoft.Bcl.AsyncInterfaces, Version=1.0.0.0, Culture=neutral, PublicKeyToken=cc7b13ffcd2ddd51'
 ---> System.IO.FileNotFoundException: Could not load file or assembly 'Microsoft.Bcl.AsyncInterfaces, Culture=neutral, PublicKeyToken=null'. The system cannot find the file specified.
File name: 'Microsoft.Bcl.AsyncInterfaces, Culture=neutral, PublicKeyToken=null'
   at System.Reflection.RuntimeAssembly.InternalLoad(ObjectHandleOnStack assemblyName, ObjectHandleOnStack requestingAssembly, StackCrawlMarkHandle stackMark, Boolean throwOnFileNotFound, ObjectHandleOnStack assemblyLoadContext, ObjectHandleOnStack retAssembly)
   at System.Reflection.RuntimeAssembly.InternalLoad(AssemblyName assemblyName, RuntimeAssembly requestingAssembly, StackCrawlMark& stackMark, Boolean throwOnFileNotFound, AssemblyLoadContext assemblyLoadContext)
   at System.Reflection.Assembly.Load(AssemblyName assemblyRef)
   at Microsoft.VisualStudio.TestPlatform.Common.ExtensionFramework.TestPluginCache.CurrentDomainAssemblyResolve(Object sender, AssemblyResolveEventArgs args)
   at Microsoft.VisualStudio.TestPlatform.PlatformAbstractions.PlatformAssemblyResolver.AssemblyResolverEvent(Object sender, Object eventArgs)
   at System.Runtime.Loader.AssemblyLoadContext.GetFirstResolvedAssemblyFromResolvingEvent(AssemblyName assemblyName)
   at System.Runtime.Loader.AssemblyLoadContext.ResolveUsingEvent(AssemblyName assemblyName)
   at System.Runtime.Loader.AssemblyLoadContext.ResolveUsingResolvingEvent(IntPtr gchManagedAssemblyLoadContext, AssemblyName assemblyName)
TpTrace Information: 0 : 13016, 1, 2021/12/14, 16:50:07.335, 1153470566429, vstest.console.dll, AssemblyResolver.OnResolve: Microsoft.TestPlatform.Extensions.BlameDataCollector: Resolving assembly.
TpTrace Information: 0 : 13016, 1, 2021/12/14, 16:50:07.335, 1153470566779, vstest.console.dll, AssemblyResolver.OnResolve: Microsoft.TestPlatform.Extensions.BlameDataCollector: Searching in: 'C:\Program Files\dotnet\sdk\6.0.100\Extensions'.
TpTrace Information: 0 : 13016, 1, 2021/12/14, 16:50:07.336, 1153470574809, vstest.console.dll, AssemblyResolver.OnResolve: Microsoft.TestPlatform.Extensions.BlameDataCollector: Loading assembly 'C:\Program Files\dotnet\sdk\6.0.100\Extensions\Microsoft.TestPlatform.Extensions.BlameDataCollector.dll'.
TpTrace Information: 0 : 13016, 1, 2021/12/14, 16:50:07.337, 1153470584137, vstest.console.dll, AssemblyResolver.OnResolve: Resolved assembly: Microsoft.TestPlatform.Extensions.BlameDataCollector, from path: C:\Program Files\dotnet\sdk\6.0.100\Extensions\Microsoft.TestPlatform.Extensions.BlameDataCollector.dll
TpTrace Information: 0 : 13016, 1, 2021/12/14, 16:50:07.337, 1153470590391, vstest.console.dll, AssemblyResolver.OnResolve: Microsoft.TestPlatform.Extensions.EventLogCollector: Resolving assembly.
TpTrace Information: 0 : 13016, 1, 2021/12/14, 16:50:07.337, 1153470590983, vstest.console.dll, AssemblyResolver.OnResolve: Microsoft.TestPlatform.Extensions.EventLogCollector: Searching in: 'C:\Program Files\dotnet\sdk\6.0.100\Extensions'.
TpTrace Information: 0 : 13016, 1, 2021/12/14, 16:50:07.338, 1153470595577, vstest.console.dll, AssemblyResolver.OnResolve: Microsoft.TestPlatform.Extensions.EventLogCollector: Loading assembly 'C:\Program Files\dotnet\sdk\6.0.100\Extensions\Microsoft.TestPlatform.Extensions.EventLogCollector.dll'.
TpTrace Information: 0 : 13016, 1, 2021/12/14, 16:50:07.338, 1153470599760, vstest.console.dll, AssemblyResolver.OnResolve: Resolved assembly: Microsoft.TestPlatform.Extensions.EventLogCollector, from path: C:\Program Files\dotnet\sdk\6.0.100\Extensions\Microsoft.TestPlatform.Extensions.EventLogCollector.dll
TpTrace Information: 0 : 13016, 1, 2021/12/14, 16:50:07.340, 1153470617864, vstest.console.dll, AssemblyResolver.OnResolve: Microsoft.TestPlatform.TestHostRuntimeProvider: Resolving assembly.
TpTrace Information: 0 : 13016, 1, 2021/12/14, 16:50:07.340, 1153470619111, vstest.console.dll, AssemblyResolver.OnResolve: Microsoft.TestPlatform.TestHostRuntimeProvider: Searching in: 'C:\Program Files\dotnet\sdk\6.0.100\Extensions'.
TpTrace Information: 0 : 13016, 1, 2021/12/14, 16:50:07.341, 1153470622558, vstest.console.dll, AssemblyResolver.OnResolve: Microsoft.TestPlatform.TestHostRuntimeProvider: Loading assembly 'C:\Program Files\dotnet\sdk\6.0.100\Extensions\Microsoft.TestPlatform.TestHostRuntimeProvider.dll'.
TpTrace Information: 0 : 13016, 1, 2021/12/14, 16:50:07.341, 1153470626789, vstest.console.dll, AssemblyResolver.OnResolve: Resolved assembly: Microsoft.TestPlatform.TestHostRuntimeProvider, from path: C:\Program Files\dotnet\sdk\6.0.100\Extensions\Microsoft.TestPlatform.TestHostRuntimeProvider.dll
TpTrace Information: 0 : 13016, 1, 2021/12/14, 16:50:07.342, 1153470635853, vstest.console.dll, AssemblyResolver.OnResolve: Microsoft.VisualStudio.TestPlatform.Extensions.Html.TestLogger: Resolving assembly.
TpTrace Information: 0 : 13016, 1, 2021/12/14, 16:50:07.342, 1153470636451, vstest.console.dll, AssemblyResolver.OnResolve: Microsoft.VisualStudio.TestPlatform.Extensions.Html.TestLogger: Searching in: 'C:\Program Files\dotnet\sdk\6.0.100\Extensions'.
TpTrace Information: 0 : 13016, 1, 2021/12/14, 16:50:07.343, 1153470641340, vstest.console.dll, AssemblyResolver.OnResolve: Microsoft.VisualStudio.TestPlatform.Extensions.Html.TestLogger: Loading assembly 'C:\Program Files\dotnet\sdk\6.0.100\Extensions\Microsoft.VisualStudio.TestPlatform.Extensions.Html.TestLogger.dll'.
TpTrace Information: 0 : 13016, 1, 2021/12/14, 16:50:07.343, 1153470647987, vstest.console.dll, AssemblyResolver.OnResolve: Resolved assembly: Microsoft.VisualStudio.TestPlatform.Extensions.Html.TestLogger, from path: C:\Program Files\dotnet\sdk\6.0.100\Extensions\Microsoft.VisualStudio.TestPlatform.Extensions.Html.TestLogger.dll
TpTrace Information: 0 : 13016, 1, 2021/12/14, 16:50:07.344, 1153470652000, vstest.console.dll, AssemblyResolver.OnResolve: Microsoft.VisualStudio.TestPlatform.Extensions.Trx.TestLogger: Resolving assembly.
TpTrace Information: 0 : 13016, 1, 2021/12/14, 16:50:07.344, 1153470652649, vstest.console.dll, AssemblyResolver.OnResolve: Microsoft.VisualStudio.TestPlatform.Extensions.Trx.TestLogger: Searching in: 'C:\Program Files\dotnet\sdk\6.0.100\Extensions'.
TpTrace Information: 0 : 13016, 1, 2021/12/14, 16:50:07.344, 1153470657730, vstest.console.dll, AssemblyResolver.OnResolve: Microsoft.VisualStudio.TestPlatform.Extensions.Trx.TestLogger: Loading assembly 'C:\Program Files\dotnet\sdk\6.0.100\Extensions\Microsoft.VisualStudio.TestPlatform.Extensions.Trx.TestLogger.dll'.
TpTrace Information: 0 : 13016, 1, 2021/12/14, 16:50:07.345, 1153470664416, vstest.console.dll, AssemblyResolver.OnResolve: Resolved assembly: Microsoft.VisualStudio.TestPlatform.Extensions.Trx.TestLogger, from path: C:\Program Files\dotnet\sdk\6.0.100\Extensions\Microsoft.VisualStudio.TestPlatform.Extensions.Trx.TestLogger.dll
TpTrace Verbose: 0 : 13016, 1, 2021/12/14, 16:50:07.345, 1153470670646, vstest.console.dll, TestPluginCache: Discovered the extensions using extension path ''.
TpTrace Verbose: 0 : 13016, 1, 2021/12/14, 16:50:07.346, 1153470671609, vstest.console.dll, TestPluginCache: Discoverers are ''.
TpTrace Verbose: 0 : 13016, 1, 2021/12/14, 16:50:07.346, 1153470671812, vstest.console.dll, TestPluginCache: Executors are ''.
TpTrace Verbose: 0 : 13016, 1, 2021/12/14, 16:50:07.346, 1153470671962, vstest.console.dll, TestPluginCache: Executors2 are ''.
TpTrace Verbose: 0 : 13016, 1, 2021/12/14, 16:50:07.346, 1153470672109, vstest.console.dll, TestPluginCache: Setting providers are ''.
TpTrace Verbose: 0 : 13016, 1, 2021/12/14, 16:50:07.346, 1153470672260, vstest.console.dll, TestPluginCache: Loggers are ''.
TpTrace Information: 0 : 13016, 1, 2021/12/14, 16:50:07.351, 1153470723057, vstest.console.dll, RunTestsArgumentProcessor:Execute: Test run is starting.
TpTrace Verbose: 0 : 13016, 1, 2021/12/14, 16:50:07.351, 1153470724555, vstest.console.dll, RunTestsArgumentProcessor:Execute: Queuing Test run.
TpTrace Information: 0 : 13016, 1, 2021/12/14, 16:50:07.351, 1153470726502, vstest.console.dll, TestRequestManager.RunTests: run tests started.
TpTrace Information: 0 : 13016, 1, 2021/12/14, 16:50:07.354, 1153470759454, vstest.console.dll, AssemblyMetadataProvider.GetFrameWork: Determined framework:'.NETCoreApp,Version=v5.0' for source: 'C:\opitech.clases\Perona.Api\UnitTest\bin\Debug\net5.0\fine-code-coverage\build-output\UnitTest.dll'
TpTrace Information: 0 : 13016, 1, 2021/12/14, 16:50:07.354, 1153470761041, vstest.console.dll, Determined framework for all sources: .NETCoreApp,Version=v5.0
TpTrace Information: 0 : 13016, 1, 2021/12/14, 16:50:07.355, 1153470764855, vstest.console.dll, AssemblyMetadataProvider.GetArchitecture: Determined architecture:AnyCPU info for assembly: C:\opitech.clases\Perona.Api\UnitTest\bin\Debug\net5.0\fine-code-coverage\build-output\UnitTest.dll
TpTrace Information: 0 : 13016, 1, 2021/12/14, 16:50:07.356, 1153470778325, vstest.console.dll, Determined platform for all sources: X64
TpTrace Information: 0 : 13016, 1, 2021/12/14, 16:50:07.358, 1153470799906, vstest.console.dll, Compatible sources list : 
TpTrace Information: 0 : 13016, 1, 2021/12/14, 16:50:07.359, 1153470801285, vstest.console.dll, C:\opitech.clases\Perona.Api\UnitTest\bin\Debug\net5.0\fine-code-coverage\build-output\UnitTest.dll
TpTrace Information: 0 : 13016, 1, 2021/12/14, 16:50:07.360, 1153470819260, vstest.console.dll, InferRunSettingsHelper.IsTestSettingsEnabled: Unable to navigate to RunSettings/MSTest. Current node: RunSettings
TpTrace Information: 0 : 13016, 1, 2021/12/14, 16:50:07.361, 1153470824964, vstest.console.dll, AssemblyResolver.OnResolve: Microsoft.VisualStudio.TestPlatform.Fakes: Resolving assembly.
TpTrace Information: 0 : 13016, 1, 2021/12/14, 16:50:07.361, 1153470825609, vstest.console.dll, AssemblyResolver.OnResolve: Microsoft.VisualStudio.TestPlatform.Fakes: Searching in: 'C:\Program Files\dotnet\sdk\6.0.100\Extensions'.
TpTrace Information: 0 : 13016, 1, 2021/12/14, 16:50:07.361, 1153470826435, vstest.console.dll, AssemblyResolver.OnResolve: Microsoft.VisualStudio.TestPlatform.Fakes: Assembly path does not exist: 'C:\Program Files\dotnet\sdk\6.0.100\Extensions\Microsoft.VisualStudio.TestPlatform.Fakes.dll', returning.
TpTrace Information: 0 : 13016, 1, 2021/12/14, 16:50:07.361, 1153470826847, vstest.console.dll, AssemblyResolver.OnResolve: Microsoft.VisualStudio.TestPlatform.Fakes: Assembly path does not exist: 'C:\Program Files\dotnet\sdk\6.0.100\Extensions\Microsoft.VisualStudio.TestPlatform.Fakes.exe', returning.
TpTrace Information: 0 : 13016, 1, 2021/12/14, 16:50:07.361, 1153470827031, vstest.console.dll, AssemblyResolver.OnResolve: Microsoft.VisualStudio.TestPlatform.Fakes: Searching in: 'C:\Program Files\dotnet\sdk\6.0.100'.
TpTrace Information: 0 : 13016, 1, 2021/12/14, 16:50:07.361, 1153470827405, vstest.console.dll, AssemblyResolver.OnResolve: Microsoft.VisualStudio.TestPlatform.Fakes: Assembly path does not exist: 'C:\Program Files\dotnet\sdk\6.0.100\Microsoft.VisualStudio.TestPlatform.Fakes.dll', returning.
TpTrace Information: 0 : 13016, 1, 2021/12/14, 16:50:07.361, 1153470827735, vstest.console.dll, AssemblyResolver.OnResolve: Microsoft.VisualStudio.TestPlatform.Fakes: Assembly path does not exist: 'C:\Program Files\dotnet\sdk\6.0.100\Microsoft.VisualStudio.TestPlatform.Fakes.exe', returning.
TpTrace Information: 0 : 13016, 1, 2021/12/14, 16:50:07.361, 1153470827950, vstest.console.dll, AssemblyResolver.OnResolve: Microsoft.VisualStudio.TestPlatform.Fakes: Failed to load assembly.
TpTrace Information: 0 : 13016, 1, 2021/12/14, 16:50:07.361, 1153470830072, vstest.console.dll, Failed to load assembly Microsoft.VisualStudio.TestPlatform.Fakes, Version=17.0.0.0, Culture=neutral. Reason:System.IO.FileNotFoundException: Could not load file or assembly 'Microsoft.VisualStudio.TestPlatform.Fakes, Version=17.0.0.0, Culture=neutral, PublicKeyToken=null'. The system cannot find the file specified.
File name: 'Microsoft.VisualStudio.TestPlatform.Fakes, Version=17.0.0.0, Culture=neutral, PublicKeyToken=null'
   at System.Reflection.RuntimeAssembly.InternalLoad(ObjectHandleOnStack assemblyName, ObjectHandleOnStack requestingAssembly, StackCrawlMarkHandle stackMark, Boolean throwOnFileNotFound, ObjectHandleOnStack assemblyLoadContext, ObjectHandleOnStack retAssembly)
   at System.Reflection.RuntimeAssembly.InternalLoad(AssemblyName assemblyName, RuntimeAssembly requestingAssembly, StackCrawlMark& stackMark, Boolean throwOnFileNotFound, AssemblyLoadContext assemblyLoadContext)
   at System.Reflection.Assembly.Load(AssemblyName assemblyRef)
   at Microsoft.VisualStudio.TestPlatform.Common.Utilities.FakesUtilities.LoadTestPlatformAssembly()
TpTrace Verbose: 0 : 13016, 1, 2021/12/14, 16:50:07.365, 1153470866672, vstest.console.dll, TestPluginCache.DiscoverTestExtensions: finding test extensions in assemblies ends with: TestLogger.dll TPluginInfo: Microsoft.VisualStudio.TestPlatform.Common.ExtensionFramework.Utilities.TestLoggerPluginInformation TExtension: Microsoft.VisualStudio.TestPlatform.ObjectModel.Client.ITestLogger
TpTrace Verbose: 0 : 13016, 1, 2021/12/14, 16:50:07.365, 1153470868349, vstest.console.dll, TestPluginCache.GetExtensionPaths: Filtered extension paths: 
TpTrace Verbose: 0 : 13016, 1, 2021/12/14, 16:50:07.365, 1153470868809, vstest.console.dll, TestPluginCache.GetExtensionPaths: Added default extension paths: C:\Program Files\dotnet\sdk\6.0.100\Extensions\Microsoft.Diagnostics.NETCore.Client.dll
C:\Program Files\dotnet\sdk\6.0.100\Extensions\Microsoft.TestPlatform.Extensions.BlameDataCollector.dll
C:\Program Files\dotnet\sdk\6.0.100\Extensions\Microsoft.TestPlatform.Extensions.EventLogCollector.dll
C:\Program Files\dotnet\sdk\6.0.100\Extensions\Microsoft.TestPlatform.TestHostRuntimeProvider.dll
C:\Program Files\dotnet\sdk\6.0.100\Extensions\Microsoft.VisualStudio.TestPlatform.Extensions.Html.TestLogger.dll
C:\Program Files\dotnet\sdk\6.0.100\Extensions\Microsoft.VisualStudio.TestPlatform.Extensions.Trx.TestLogger.dll
TpTrace Verbose: 0 : 13016, 1, 2021/12/14, 16:50:07.365, 1153470869084, vstest.console.dll, TestPluginCache.GetExtensionPaths: Added unfilterableExtensionPaths: 
TpTrace Information: 0 : 13016, 1, 2021/12/14, 16:50:07.365, 1153470870572, vstest.console.dll, AssemblyResolver.AddSearchDirectories: Adding more searchDirectories C:\Program Files\dotnet\sdk\6.0.100\Extensions,C:\Program Files\dotnet\sdk\6.0.100
TpTrace Verbose: 0 : 13016, 1, 2021/12/14, 16:50:07.365, 1153470870899, vstest.console.dll, TestPluginCache.DiscoverTestExtensions: Discovering the extensions using extension path.
TpTrace Verbose: 0 : 13016, 1, 2021/12/14, 16:50:07.366, 1153470871137, vstest.console.dll, TestPluginCache.GetExtensionPaths: Filtered extension paths: 
TpTrace Verbose: 0 : 13016, 1, 2021/12/14, 16:50:07.366, 1153470871380, vstest.console.dll, TestPluginCache.GetExtensionPaths: Added default extension paths: C:\Program Files\dotnet\sdk\6.0.100\Extensions\Microsoft.Diagnostics.NETCore.Client.dll
C:\Program Files\dotnet\sdk\6.0.100\Extensions\Microsoft.TestPlatform.Extensions.BlameDataCollector.dll
C:\Program Files\dotnet\sdk\6.0.100\Extensions\Microsoft.TestPlatform.Extensions.EventLogCollector.dll
C:\Program Files\dotnet\sdk\6.0.100\Extensions\Microsoft.TestPlatform.TestHostRuntimeProvider.dll
C:\Program Files\dotnet\sdk\6.0.100\Extensions\Microsoft.VisualStudio.TestPlatform.Extensions.Html.TestLogger.dll
C:\Program Files\dotnet\sdk\6.0.100\Extensions\Microsoft.VisualStudio.TestPlatform.Extensions.Trx.TestLogger.dll
TpTrace Verbose: 0 : 13016, 1, 2021/12/14, 16:50:07.366, 1153470871554, vstest.console.dll, TestPluginCache.GetExtensionPaths: Added unfilterableExtensionPaths: 
TpTrace Verbose: 0 : 13016, 1, 2021/12/14, 16:50:07.366, 1153470871762, vstest.console.dll, TestPluginCache.DiscoverTestExtensions: Discovering the extensions using allExtensionPaths: C:\Program Files\dotnet\sdk\6.0.100\Extensions\Microsoft.Diagnostics.NETCore.Client.dll
C:\Program Files\dotnet\sdk\6.0.100\Extensions\Microsoft.TestPlatform.Extensions.BlameDataCollector.dll
C:\Program Files\dotnet\sdk\6.0.100\Extensions\Microsoft.TestPlatform.Extensions.EventLogCollector.dll
C:\Program Files\dotnet\sdk\6.0.100\Extensions\Microsoft.TestPlatform.TestHostRuntimeProvider.dll
C:\Program Files\dotnet\sdk\6.0.100\Extensions\Microsoft.VisualStudio.TestPlatform.Extensions.Html.TestLogger.dll
C:\Program Files\dotnet\sdk\6.0.100\Extensions\Microsoft.VisualStudio.TestPlatform.Extensions.Trx.TestLogger.dll
TpTrace Information: 0 : 13016, 1, 2021/12/14, 16:50:07.366, 1153470872664, vstest.console.dll, AssemblyResolver.AddSearchDirectories: Adding more searchDirectories C:\Program Files\dotnet\sdk\6.0.100\Extensions,C:\Program Files\dotnet\sdk\6.0.100
TpTrace Information: 0 : 13016, 1, 2021/12/14, 16:50:07.366, 1153470872941, vstest.console.dll, AssemblyResolver.AddSearchDirectories: Adding more searchDirectories C:\Program Files\dotnet\sdk\6.0.100\Extensions,C:\Program Files\dotnet\sdk\6.0.100
TpTrace Information: 0 : 13016, 1, 2021/12/14, 16:50:07.366, 1153470873117, vstest.console.dll, AssemblyResolver.AddSearchDirectories: Adding more searchDirectories C:\Program Files\dotnet\sdk\6.0.100\Extensions,C:\Program Files\dotnet\sdk\6.0.100
TpTrace Information: 0 : 13016, 1, 2021/12/14, 16:50:07.366, 1153470873284, vstest.console.dll, AssemblyResolver.AddSearchDirectories: Adding more searchDirectories C:\Program Files\dotnet\sdk\6.0.100\Extensions,C:\Program Files\dotnet\sdk\6.0.100
TpTrace Information: 0 : 13016, 1, 2021/12/14, 16:50:07.366, 1153470873523, vstest.console.dll, AssemblyResolver.AddSearchDirectories: Adding more searchDirectories C:\Program Files\dotnet\sdk\6.0.100\Extensions,C:\Program Files\dotnet\sdk\6.0.100
TpTrace Information: 0 : 13016, 1, 2021/12/14, 16:50:07.366, 1153470873719, vstest.console.dll, AssemblyResolver.AddSearchDirectories: Adding more searchDirectories C:\Program Files\dotnet\sdk\6.0.100\Extensions,C:\Program Files\dotnet\sdk\6.0.100
TpTrace Information: 0 : 13016, 1, 2021/12/14, 16:50:07.366, 1153470875713, vstest.console.dll, AssemblyResolver.OnResolve: Microsoft.Bcl.AsyncInterfaces: Resolving assembly.
TpTrace Information: 0 : 13016, 1, 2021/12/14, 16:50:07.366, 1153470876038, vstest.console.dll, AssemblyResolver.OnResolve: Microsoft.Bcl.AsyncInterfaces: Resolved from cache.
TpTrace Verbose: 0 : 13016, 1, 2021/12/14, 16:50:07.366, 1153470876259, vstest.console.dll, CurrentDomainAssemblyResolve: Resolving assembly 'Microsoft.Bcl.AsyncInterfaces'.
TpTrace Information: 0 : 13016, 1, 2021/12/14, 16:50:07.366, 1153470876523, vstest.console.dll, AssemblyResolver.OnResolve: Microsoft.Bcl.AsyncInterfaces: Resolving assembly.
TpTrace Information: 0 : 13016, 1, 2021/12/14, 16:50:07.366, 1153470876702, vstest.console.dll, AssemblyResolver.OnResolve: Microsoft.Bcl.AsyncInterfaces: Resolved from cache.
TpTrace Verbose: 0 : 13016, 1, 2021/12/14, 16:50:07.366, 1153470876915, vstest.console.dll, CurrentDomainAssemblyResolve: Resolving assembly 'Microsoft.Bcl.AsyncInterfaces'.
TpTrace Verbose: 0 : 13016, 1, 2021/12/14, 16:50:07.366, 1153470877107, vstest.console.dll, CurrentDomainAssemblyResolve: Failed to resolve assembly 'Microsoft.Bcl.AsyncInterfaces'.
TpTrace Verbose: 0 : 13016, 1, 2021/12/14, 16:50:07.366, 1153470878283, vstest.console.dll, CurrentDomainAssemblyResolve: Failed to resolve assembly 'Microsoft.Bcl.AsyncInterfaces'.
TpTrace Warning: 0 : 13016, 1, 2021/12/14, 16:50:07.366, 1153470880910, vstest.console.dll, TestPluginDiscoverer: Failed to get types from assembly 'Microsoft.Diagnostics.NETCore.Client, Version=0.2.4.21401, Culture=neutral, PublicKeyToken=31bf3856ad364e35'.  Skipping test extension scan for this assembly.  Error: System.Reflection.ReflectionTypeLoadException: Unable to load one or more of the requested types.
Could not load file or assembly 'Microsoft.Bcl.AsyncInterfaces, Version=1.0.0.0, Culture=neutral, PublicKeyToken=cc7b13ffcd2ddd51'. The system cannot find the file specified.
   at System.Reflection.RuntimeModule.GetTypes(RuntimeModule module)
   at System.Reflection.Assembly.GetTypes()
   at Microsoft.VisualStudio.TestPlatform.Common.ExtensionFramework.TestPluginDiscoverer.GetTestExtensionsFromAssembly[TPluginInfo,TExtension](Assembly assembly, Dictionary`2 pluginInfos)
System.IO.FileNotFoundException: Could not load file or assembly 'Microsoft.Bcl.AsyncInterfaces, Version=1.0.0.0, Culture=neutral, PublicKeyToken=cc7b13ffcd2ddd51'. The system cannot find the file specified.
File name: 'Microsoft.Bcl.AsyncInterfaces, Version=1.0.0.0, Culture=neutral, PublicKeyToken=cc7b13ffcd2ddd51'
 ---> System.IO.FileNotFoundException: Could not load file or assembly 'Microsoft.Bcl.AsyncInterfaces, Culture=neutral, PublicKeyToken=null'. The system cannot find the file specified.
File name: 'Microsoft.Bcl.AsyncInterfaces, Culture=neutral, PublicKeyToken=null'
   at System.Reflection.RuntimeAssembly.InternalLoad(ObjectHandleOnStack assemblyName, ObjectHandleOnStack requestingAssembly, StackCrawlMarkHandle stackMark, Boolean throwOnFileNotFound, ObjectHandleOnStack assemblyLoadContext, ObjectHandleOnStack retAssembly)
   at System.Reflection.RuntimeAssembly.InternalLoad(AssemblyName assemblyName, RuntimeAssembly requestingAssembly, StackCrawlMark& stackMark, Boolean throwOnFileNotFound, AssemblyLoadContext assemblyLoadContext)
   at System.Reflection.Assembly.Load(AssemblyName assemblyRef)
   at Microsoft.VisualStudio.TestPlatform.Common.ExtensionFramework.TestPluginCache.CurrentDomainAssemblyResolve(Object sender, AssemblyResolveEventArgs args)
   at Microsoft.VisualStudio.TestPlatform.PlatformAbstractions.PlatformAssemblyResolver.AssemblyResolverEvent(Object sender, Object eventArgs)
   at System.Runtime.Loader.AssemblyLoadContext.GetFirstResolvedAssemblyFromResolvingEvent(AssemblyName assemblyName)
   at System.Runtime.Loader.AssemblyLoadContext.ResolveUsingEvent(AssemblyName assemblyName)
   at System.Runtime.Loader.AssemblyLoadContext.ResolveUsingResolvingEvent(IntPtr gchManagedAssemblyLoadContext, AssemblyName assemblyName)
TpTrace Warning: 0 : 13016, 1, 2021/12/14, 16:50:07.367, 1153470881954, vstest.console.dll, LoaderExceptions: System.IO.FileNotFoundException: Could not load file or assembly 'Microsoft.Bcl.AsyncInterfaces, Version=1.0.0.0, Culture=neutral, PublicKeyToken=cc7b13ffcd2ddd51'. The system cannot find the file specified.
File name: 'Microsoft.Bcl.AsyncInterfaces, Version=1.0.0.0, Culture=neutral, PublicKeyToken=cc7b13ffcd2ddd51'
 ---> System.IO.FileNotFoundException: Could not load file or assembly 'Microsoft.Bcl.AsyncInterfaces, Culture=neutral, PublicKeyToken=null'. The system cannot find the file specified.
File name: 'Microsoft.Bcl.AsyncInterfaces, Culture=neutral, PublicKeyToken=null'
   at System.Reflection.RuntimeAssembly.InternalLoad(ObjectHandleOnStack assemblyName, ObjectHandleOnStack requestingAssembly, StackCrawlMarkHandle stackMark, Boolean throwOnFileNotFound, ObjectHandleOnStack assemblyLoadContext, ObjectHandleOnStack retAssembly)
   at System.Reflection.RuntimeAssembly.InternalLoad(AssemblyName assemblyName, RuntimeAssembly requestingAssembly, StackCrawlMark& stackMark, Boolean throwOnFileNotFound, AssemblyLoadContext assemblyLoadContext)
   at System.Reflection.Assembly.Load(AssemblyName assemblyRef)
   at Microsoft.VisualStudio.TestPlatform.Common.ExtensionFramework.TestPluginCache.CurrentDomainAssemblyResolve(Object sender, AssemblyResolveEventArgs args)
   at Microsoft.VisualStudio.TestPlatform.PlatformAbstractions.PlatformAssemblyResolver.AssemblyResolverEvent(Object sender, Object eventArgs)
   at System.Runtime.Loader.AssemblyLoadContext.GetFirstResolvedAssemblyFromResolvingEvent(AssemblyName assemblyName)
   at System.Runtime.Loader.AssemblyLoadContext.ResolveUsingEvent(AssemblyName assemblyName)
   at System.Runtime.Loader.AssemblyLoadContext.ResolveUsingResolvingEvent(IntPtr gchManagedAssemblyLoadContext, AssemblyName assemblyName)
TpTrace Verbose: 0 : 13016, 1, 2021/12/14, 16:50:07.367, 1153470885027, vstest.console.dll, TestPluginCache: Discovered the extensions using extension path ''.
TpTrace Verbose: 0 : 13016, 1, 2021/12/14, 16:50:07.367, 1153470885512, vstest.console.dll, TestPluginCache: Discoverers are ''.
TpTrace Verbose: 0 : 13016, 1, 2021/12/14, 16:50:07.367, 1153470885716, vstest.console.dll, TestPluginCache: Executors are ''.
TpTrace Verbose: 0 : 13016, 1, 2021/12/14, 16:50:07.367, 1153470885865, vstest.console.dll, TestPluginCache: Executors2 are ''.
TpTrace Verbose: 0 : 13016, 1, 2021/12/14, 16:50:07.367, 1153470886009, vstest.console.dll, TestPluginCache: Setting providers are ''.
TpTrace Verbose: 0 : 13016, 1, 2021/12/14, 16:50:07.367, 1153470886592, vstest.console.dll, TestPluginCache: Loggers are 'logger://Microsoft/TestPlatform/Extensions/Blame/v1,logger://Microsoft/TestPlatform/HtmlLogger/v1,logger://Microsoft/TestPlatform/TrxLogger/v1'.
TpTrace Information: 0 : 13016, 1, 2021/12/14, 16:50:07.368, 1153470892149, vstest.console.dll, TestPluginManager.CreateTestExtension: Attempting to load test extension: Microsoft.TestPlatform.Extensions.BlameDataCollector.BlameLogger
TpTrace Information: 0 : 13016, 1, 2021/12/14, 16:50:07.373, 1153470949592, vstest.console.dll, TestPluginManager.CreateTestExtension: Attempting to load test extension: Microsoft.VisualStudio.TestPlatform.CrossPlatEngine.Hosting.DefaultTestHostManager
TpTrace Information: 0 : 13016, 1, 2021/12/14, 16:50:07.374, 1153470952880, vstest.console.dll, TestPluginManager.CreateTestExtension: Attempting to load test extension: Microsoft.VisualStudio.TestPlatform.CrossPlatEngine.Hosting.DotnetTestHostManager
TpTrace Verbose: 0 : 13016, 1, 2021/12/14, 16:50:07.374, 1153470957402, vstest.console.dll, TestEngine: Initializing Parallel Execution as MaxCpuCount is set to: 1
TpTrace Information: 0 : 13016, 1, 2021/12/14, 16:50:07.375, 1153470961889, vstest.console.dll, InferRunSettingsHelper.IsTestSettingsEnabled: Unable to navigate to RunSettings/MSTest. Current node: RunSettings
TpTrace Verbose: 0 : 13016, 1, 2021/12/14, 16:50:07.386, 1153471078071, vstest.console.dll, TestRequestSender is acting as server
TpTrace Verbose: 0 : 13016, 5, 2021/12/14, 16:50:07.390, 1153471113556, vstest.console.dll, DataCollectionRequestSender.InitializeCommunication : Initialize communication. 
TpTrace Information: 0 : 13016, 5, 2021/12/14, 16:50:07.397, 1153471186476, vstest.console.dll, Listening on Endpoint : 127.0.0.1:65493
TpTrace Verbose: 0 : 13016, 5, 2021/12/14, 16:50:07.407, 1153471286098, vstest.console.dll, DotnetDataCollectionLauncher: Full path of dotnet.exe is C:\Program Files\dotnet\dotnet.exe
TpTrace Verbose: 0 : 13016, 5, 2021/12/14, 16:50:07.407, 1153471287827, vstest.console.dll, DotnetDataCollectionLauncher: Adding  --runtimeconfig "C:\Program Files\dotnet\sdk\6.0.100\datacollector.runtimeconfig.json" in args
TpTrace Verbose: 0 : 13016, 5, 2021/12/14, 16:50:07.407, 1153471288296, vstest.console.dll, DotnetDataCollectionLauncher: Adding  --depsfile "C:\Program Files\dotnet\sdk\6.0.100\datacollector.deps.json" in args
TpTrace Information: 0 : 13016, 5, 2021/12/14, 16:50:07.418, 1153471393111, vstest.console.dll, ProxyDataCollectionManager.Initialize: Launched datacollector processId: 9532 port: 65493
TpTrace Information: 0 : 13016, 5, 2021/12/14, 16:50:07.418, 1153471395115, vstest.console.dll, ProxyDataCollectionManager.Initialize: waiting for connection with timeout: 90 seconds
TpTrace Verbose: 0 : 13016, 5, 2021/12/14, 16:50:07.418, 1153471395708, vstest.console.dll, DataCollectionRequestSender.WaitForRequestHandlerConnection : Waiting for connection with timeout: 90000
TpTrace Information: 0 : 13016, 8, 2021/12/14, 16:50:07.530, 1153472517609, vstest.console.dll, Using the buffer size of 16384 bytes
TpTrace Information: 0 : 13016, 8, 2021/12/14, 16:50:07.530, 1153472518817, vstest.console.dll, Accepted Client request and set the flag
TpTrace Verbose: 0 : 13016, 5, 2021/12/14, 16:50:07.530, 1153472518406, vstest.console.dll, ProxyDataCollectionManager.InvokeDataCollectionServiceAction: Starting.
TpTrace Information: 0 : 13016, 5, 2021/12/14, 16:50:07.530, 1153472520155, vstest.console.dll, ProxyDataCollectionManager.BeforeTestRunStart: Get environment variable and port for datacollector processId: 9532 port: 65493
TpTrace Verbose: 0 : 13016, 5, 2021/12/14, 16:50:07.531, 1153472521314, vstest.console.dll, DataCollectionRequestSender.SendBeforeTestRunStartAndGetResult : Send BeforeTestRunStart message with settingsXml <RunSettings><RunConfiguration><ResultsDirectory>C:\opitech.clases\Perona.Api\UnitTest\bin\Debug\net5.0\fine-code-coverage\coverage-tool-output</ResultsDirectory><TargetPlatform>X64</TargetPlatform><TargetFrameworkVersion>.NETCoreApp,Version=v5.0</TargetFrameworkVersion><DesignMode>False</DesignMode><CollectSourceInformation>False</CollectSourceInformation><TestAdaptersPaths>C:\Program Files\dotnet\sdk\6.0.100\Extensions</TestAdaptersPaths></RunConfiguration><LoggerRunSettings><Loggers><Logger friendlyName="blame" enabled="True" /><Logger friendlyName="Console" uri="logger://microsoft/TestPlatform/ConsoleLogger/v1" assemblyQualifiedName="Microsoft.VisualStudio.TestPlatform.CommandLine.Internal.ConsoleLogger, vstest.console, Version=15.0.0.0, Culture=neutral, PublicKeyToken=b03f5f7f11d50a3a" codeBase="C:\Program Files\dotnet\sdk\6.0.100\vstest.console.dll" enabled="True" /></Loggers></LoggerRunSettings><DataCollectionRunSettings><DataCollectors><DataCollector friendlyName="blame" enabled="True"><Configuration><ResultsDirectory>C:\opitech.clases\Perona.Api\UnitTest\bin\Debug\net5.0\fine-code-coverage\coverage-tool-output</ResultsDirectory></Configuration></DataCollector></DataCollectors></DataCollectionRunSettings></RunSettings> and sources System.Linq.Enumerable+Concat2Iterator`1[System.String]: 
TpTrace Verbose: 0 : 13016, 5, 2021/12/14, 16:50:07.597, 1153473190337, vstest.console.dll, DataCollectionRequestSender.SendBeforeTestRunStartAndGetResult : Received message: (DataCollection.SendMessage) -> {
  "FriendlyName": null,
  "Uri": null,
  "TestCaseId": "00000000-0000-0000-0000-000000000000",
  "Message": "Logging DataCollector Diagnostics in file: C:\\opitech.clases\\Perona.Api\\UnitTest\\bin\\Debug\\net5.0\\fine-code-coverage\\coverage-tool-output\\diagnostics.datacollector.21-12-14_16-50-07_40432_5.log",
  "Level": 0
}
TpTrace Verbose: 0 : 13016, 5, 2021/12/14, 16:50:07.658, 1153473798564, vstest.console.dll, DataCollectionRequestSender.SendBeforeTestRunStartAndGetResult : Received message: (DataCollection.BeforeTestRunStartResult) -> {
  "EnvironmentVariables": {},
  "DataCollectionEventsPort": 65495
}
TpTrace Information: 0 : 13016, 5, 2021/12/14, 16:50:07.663, 1153473848566, vstest.console.dll, ProxyDataCollectionManager.BeforeTestRunStart: SendBeforeTestRunStartAndGetResult successful, env variable from datacollector:   and testhost port: 65495
TpTrace Information: 0 : 13016, 5, 2021/12/14, 16:50:07.663, 1153473849659, vstest.console.dll, ProxyDataCollectionManager.InvokeDataCollectionServiceAction: Completed.
TpTrace Verbose: 0 : 13016, 1, 2021/12/14, 16:50:07.664, 1153473851209, vstest.console.dll, TestRunRequest.ExecuteAsync: Creating test run request.
TpTrace Verbose: 0 : 13016, 1, 2021/12/14, 16:50:07.664, 1153473854314, vstest.console.dll, TestRunRequest.ExecuteAsync: Starting.
TpTrace Information: 0 : 13016, 1, 2021/12/14, 16:50:07.664, 1153473856983, vstest.console.dll, TestRunRequest.ExecuteAsync: Starting run with settings:TestRunCriteria:
   KeepAlive=False,FrequencyOfRunStatsChangeEvent=10,RunStatsChangeEventTimeout=00:00:01.5000000,TestCaseFilter=,TestExecutorLauncher=
   Settingsxml=<RunSettings>
  <RunConfiguration>
    <ResultsDirectory>C:\opitech.clases\Perona.Api\UnitTest\bin\Debug\net5.0\fine-code-coverage\coverage-tool-output</ResultsDirectory>
    <TargetPlatform>X64</TargetPlatform>
    <TargetFrameworkVersion>.NETCoreApp,Version=v5.0</TargetFrameworkVersion>
    <DesignMode>False</DesignMode>
    <CollectSourceInformation>False</CollectSourceInformation>
  </RunConfiguration>
  <LoggerRunSettings>
    <Loggers>
      <Logger friendlyName="blame" enabled="True" />
      <Logger friendlyName="Console" uri="logger://microsoft/TestPlatform/ConsoleLogger/v1" assemblyQualifiedName="Microsoft.VisualStudio.TestPlatform.CommandLine.Internal.ConsoleLogger, vstest.console, Version=15.0.0.0, Culture=neutral, PublicKeyToken=b03f5f7f11d50a3a" codeBase="C:\Program Files\dotnet\sdk\6.0.100\vstest.console.dll" enabled="True" />
    </Loggers>
  </LoggerRunSettings>
  <DataCollectionRunSettings>
    <DataCollectors>
      <DataCollector friendlyName="blame" enabled="True">
        <Configuration>
          <ResultsDirectory>C:\opitech.clases\Perona.Api\UnitTest\bin\Debug\net5.0\fine-code-coverage\coverage-tool-output</ResultsDirectory>
        </Configuration>
      </DataCollector>
    </DataCollectors>
  </DataCollectionRunSettings>
</RunSettings>

TpTrace Verbose: 0 : 13016, 1, 2021/12/14, 16:50:07.664, 1153473857407, vstest.console.dll, TestRunRequest.ExecuteAsync: Wait for the first run request is over.
TpTrace Verbose: 0 : 13016, 1, 2021/12/14, 16:50:07.665, 1153473861136, vstest.console.dll, ParallelProxyExecutionManager: Start execution. Total sources: 1
TpTrace Information: 0 : 13016, 1, 2021/12/14, 16:50:07.665, 1153473865912, vstest.console.dll, ProxyParallelExecutionManager: Triggering test run for next source: C:\opitech.clases\Perona.Api\UnitTest\bin\Debug\net5.0\fine-code-coverage\build-output\UnitTest.dll
TpTrace Verbose: 0 : 13016, 5, 2021/12/14, 16:50:07.665, 1153473867688, vstest.console.dll, ParallelProxyExecutionManager: Execution started. Started clients: 1
TpTrace Verbose: 0 : 13016, 1, 2021/12/14, 16:50:07.665, 1153473867767, vstest.console.dll, ProxyParallelExecutionManager: No sources available for execution.
TpTrace Information: 0 : 13016, 1, 2021/12/14, 16:50:07.665, 1153473869017, vstest.console.dll, TestRunRequest.ExecuteAsync: Started.
TpTrace Verbose: 0 : 13016, 1, 2021/12/14, 16:50:07.665, 1153473869565, vstest.console.dll, TestRunRequest.WaitForCompletion: Waiting with timeout -1.
TpTrace Verbose: 0 : 13016, 5, 2021/12/14, 16:50:07.665, 1153473870696, vstest.console.dll, TestRunRequest:SendTestRunMessage: Starting.
TpTrace Information: 0 : 13016, 5, 2021/12/14, 16:50:07.666, 1153473871670, vstest.console.dll, TestRunRequest:SendTestRunMessage: Completed.
TpTrace Verbose: 0 : 13016, 5, 2021/12/14, 16:50:07.666, 1153473873388, vstest.console.dll, ProxyExecutionManager: Test host is always Lazy initialize.
TpTrace Verbose: 0 : 13016, 5, 2021/12/14, 16:50:07.666, 1153473875248, vstest.console.dll, TestRequestSender.InitializeCommunication: initialize communication. 
TpTrace Information: 0 : 13016, 5, 2021/12/14, 16:50:07.666, 1153473879873, vstest.console.dll, SocketServer.Start: Listening on endpoint : 127.0.0.1:65496
TpTrace Verbose: 0 : 13016, 5, 2021/12/14, 16:50:07.667, 1153473887651, vstest.console.dll, DotnetTestHostmanager: Adding  --runtimeconfig "C:\opitech.clases\Perona.Api\UnitTest\bin\Debug\net5.0\fine-code-coverage\build-output\UnitTest.runtimeconfig.json" in args
TpTrace Verbose: 0 : 13016, 5, 2021/12/14, 16:50:07.667, 1153473888848, vstest.console.dll, DotnetTestHostmanager: Adding  --depsfile "C:\opitech.clases\Perona.Api\UnitTest\bin\Debug\net5.0\fine-code-coverage\build-output\UnitTest.deps.json" in args
TpTrace Verbose: 0 : 13016, 5, 2021/12/14, 16:50:07.667, 1153473890776, vstest.console.dll, DotnetTestHostManager: Testhost.exe/testhost.x86.exe found at path: C:\opitech.clases\Perona.Api\UnitTest\bin\Debug\net5.0\fine-code-coverage\build-output\testhost.exe
TpTrace Verbose: 0 : 13016, 5, 2021/12/14, 16:50:07.668, 1153473891185, vstest.console.dll, DotnetTestHostmanager: Full path of host exe is C:\opitech.clases\Perona.Api\UnitTest\bin\Debug\net5.0\fine-code-coverage\build-output\testhost.exe
TpTrace Verbose: 0 : 13016, 7, 2021/12/14, 16:50:07.668, 1153473899067, vstest.console.dll, DotnetTestHostManager: Starting process 'C:\opitech.clases\Perona.Api\UnitTest\bin\Debug\net5.0\fine-code-coverage\build-output\testhost.exe' with command line ' --runtimeconfig "C:\opitech.clases\Perona.Api\UnitTest\bin\Debug\net5.0\fine-code-coverage\build-output\UnitTest.runtimeconfig.json" --depsfile "C:\opitech.clases\Perona.Api\UnitTest\bin\Debug\net5.0\fine-code-coverage\build-output\UnitTest.deps.json" --port 65496 --endpoint 127.0.0.1:065496 --role client --parentprocessid 13016 --diag "C:\opitech.clases\Perona.Api\UnitTest\bin\Debug\net5.0\fine-code-coverage\coverage-tool-output\diagnostics.host.21-12-14_16-50-07_66717_5.log" --tracelevel 4 --datacollectionport 65495 --telemetryoptedin false'
TpTrace Verbose: 0 : 13016, 7, 2021/12/14, 16:50:07.673, 1153473947902, vstest.console.dll, Test Runtime launched
TpTrace Verbose: 0 : 13016, 5, 2021/12/14, 16:50:07.674, 1153473953833, vstest.console.dll, TestRequestSender.WaitForRequestHandlerConnection: waiting for connection with timeout: 90000
TpTrace Verbose: 0 : 13016, 7, 2021/12/14, 16:50:07.818, 1153475395658, vstest.console.dll, SocketServer.OnClientConnected: Client connected for endPoint: 127.0.0.1:65496, starting MessageLoopAsync:
TpTrace Verbose: 0 : 13016, 14, 2021/12/14, 16:50:07.818, 1153475398597, vstest.console.dll, TcpClientExtensions.MessageLoopAsync: Polling on remoteEndPoint: 127.0.0.1:65497 localEndPoint: 127.0.0.1:65496
TpTrace Verbose: 0 : 13016, 14, 2021/12/14, 16:50:07.932, 1153476539090, vstest.console.dll, TcpClientExtensions.MessageLoopAsync: NotifyDataAvailable remoteEndPoint: 127.0.0.1:65497 localEndPoint: 127.0.0.1:65496
TpTrace Verbose: 0 : 13016, 14, 2021/12/14, 16:50:07.933, 1153476541813, vstest.console.dll, TestRequestSender.CheckVersionWithTestHost: onMessageReceived received message: (ProtocolVersion) -> 5
TpTrace Verbose: 0 : 13016, 14, 2021/12/14, 16:50:07.933, 1153476545072, vstest.console.dll, TcpClientExtensions.MessageLoopAsync: Polling on remoteEndPoint: 127.0.0.1:65497 localEndPoint: 127.0.0.1:65496
TpTrace Verbose: 0 : 13016, 5, 2021/12/14, 16:50:07.933, 1153476546112, vstest.console.dll, TestPluginCache.GetExtensionPaths: Filtered extension paths: 
TpTrace Verbose: 0 : 13016, 5, 2021/12/14, 16:50:07.933, 1153476546987, vstest.console.dll, TestPluginCache.GetExtensionPaths: Added default extension paths: C:\Program Files\dotnet\sdk\6.0.100\Extensions\Microsoft.Diagnostics.NETCore.Client.dll
C:\Program Files\dotnet\sdk\6.0.100\Extensions\Microsoft.TestPlatform.Extensions.BlameDataCollector.dll
C:\Program Files\dotnet\sdk\6.0.100\Extensions\Microsoft.TestPlatform.Extensions.EventLogCollector.dll
C:\Program Files\dotnet\sdk\6.0.100\Extensions\Microsoft.TestPlatform.TestHostRuntimeProvider.dll
C:\Program Files\dotnet\sdk\6.0.100\Extensions\Microsoft.VisualStudio.TestPlatform.Extensions.Html.TestLogger.dll
C:\Program Files\dotnet\sdk\6.0.100\Extensions\Microsoft.VisualStudio.TestPlatform.Extensions.Trx.TestLogger.dll
TpTrace Verbose: 0 : 13016, 5, 2021/12/14, 16:50:07.933, 1153476547189, vstest.console.dll, TestPluginCache.GetExtensionPaths: Added unfilterableExtensionPaths: 
TpTrace Verbose: 0 : 13016, 5, 2021/12/14, 16:50:07.937, 1153476582166, vstest.console.dll, TestRequestSender.InitializeExecution: Sending initializing execution with message: {"Version":5,"MessageType":"TestExecution.Initialize","Payload":["C:\\opitech.clases\\Perona.Api\\UnitTest\\bin\\Debug\\net5.0\\fine-code-coverage\\build-output\\NUnit3.TestAdapter.dll"]}
TpTrace Verbose: 0 : 13016, 14, 2021/12/14, 16:50:07.944, 1153476653162, vstest.console.dll, TcpClientExtensions.MessageLoopAsync: NotifyDataAvailable remoteEndPoint: 127.0.0.1:65497 localEndPoint: 127.0.0.1:65496
TpTrace Verbose: 0 : 13016, 14, 2021/12/14, 16:50:07.944, 1153476655306, vstest.console.dll, TestRequestSender.OnExecutionMessageReceived: Received message: {"Version":5,"MessageType":"TestSession.Message","Payload":{"MessageLevel":0,"Message":"Logging TestHost Diagnostics in file: C:\\opitech.clases\\Perona.Api\\UnitTest\\bin\\Debug\\net5.0\\fine-code-coverage\\coverage-tool-output\\diagnostics.host.21-12-14_16-50-07_66717_5.log"}}
TpTrace Verbose: 0 : 13016, 14, 2021/12/14, 16:50:07.946, 1153476678657, vstest.console.dll, TestRunRequest:SendTestRunMessage: Starting.
TpTrace Information: 0 : 13016, 14, 2021/12/14, 16:50:07.946, 1153476680170, vstest.console.dll, TestRunRequest:SendTestRunMessage: Completed.
TpTrace Verbose: 0 : 13016, 14, 2021/12/14, 16:50:07.946, 1153476680576, vstest.console.dll, TcpClientExtensions.MessageLoopAsync: Polling on remoteEndPoint: 127.0.0.1:65497 localEndPoint: 127.0.0.1:65496
TpTrace Verbose: 0 : 13016, 5, 2021/12/14, 16:50:07.947, 1153476685442, vstest.console.dll, TestRequestSender.StartTestRun: Sending test run with message: {"Version":5,"MessageType":"TestExecution.StartWithSources","Payload":{"AdapterSourceMap":{"_none_":["C:\\opitech.clases\\Perona.Api\\UnitTest\\bin\\Debug\\net5.0\\fine-code-coverage\\build-output\\UnitTest.dll"]},"RunSettings":"<RunSettings>\r\n  <RunConfiguration>\r\n    <ResultsDirectory>C:\\opitech.clases\\Perona.Api\\UnitTest\\bin\\Debug\\net5.0\\fine-code-coverage\\coverage-tool-output</ResultsDirectory>\r\n    <TargetPlatform>X64</TargetPlatform>\r\n    <TargetFrameworkVersion>.NETCoreApp,Version=v5.0</TargetFrameworkVersion>\r\n    <DesignMode>False</DesignMode>\r\n    <CollectSourceInformation>False</CollectSourceInformation>\r\n  </RunConfiguration>\r\n  <LoggerRunSettings>\r\n    <Loggers>\r\n      <Logger friendlyName=\"blame\" enabled=\"True\" />\r\n      <Logger friendlyName=\"Console\" uri=\"logger://microsoft/TestPlatform/ConsoleLogger/v1\" assemblyQualifiedName=\"Microsoft.VisualStudio.TestPlatform.CommandLine.Internal.ConsoleLogger, vstest.console, Version=15.0.0.0, Culture=neutral, PublicKeyToken=b03f5f7f11d50a3a\" codeBase=\"C:\\Program Files\\dotnet\\sdk\\6.0.100\\vstest.console.dll\" enabled=\"True\" />\r\n    </Loggers>\r\n  </LoggerRunSettings>\r\n  <DataCollectionRunSettings>\r\n    <DataCollectors>\r\n      <DataCollector friendlyName=\"blame\" enabled=\"True\">\r\n        <Configuration>\r\n          <ResultsDirectory>C:\\opitech.clases\\Perona.Api\\UnitTest\\bin\\Debug\\net5.0\\fine-code-coverage\\coverage-tool-output</ResultsDirectory>\r\n        </Configuration>\r\n      </DataCollector>\r\n    </DataCollectors>\r\n  </DataCollectionRunSettings>\r\n</RunSettings>","TestExecutionContext":{"FrequencyOfRunStatsChangeEvent":10,"RunStatsChangeEventTimeout":"00:00:01.5000000","InIsolation":false,"KeepAlive":false,"AreTestCaseLevelEventsRequired":false,"IsDebug":false,"TestCaseFilter":null,"FilterOptions":null},"Package":null}}
TpTrace Verbose: 0 : 13016, 14, 2021/12/14, 16:50:08.081, 1153478023862, vstest.console.dll, TcpClientExtensions.MessageLoopAsync: NotifyDataAvailable remoteEndPoint: 127.0.0.1:65497 localEndPoint: 127.0.0.1:65496
TpTrace Verbose: 0 : 13016, 14, 2021/12/14, 16:50:08.081, 1153478025940, vstest.console.dll, TestRequestSender.OnExecutionMessageReceived: Received message: {"Version":5,"MessageType":"TestSession.Message","Payload":{"MessageLevel":0,"Message":"NUnit Adapter 3.17.0.0: Test execution started"}}
TpTrace Verbose: 0 : 13016, 14, 2021/12/14, 16:50:08.081, 1153478030049, vstest.console.dll, TestRunRequest:SendTestRunMessage: Starting.
TpTrace Information: 0 : 13016, 14, 2021/12/14, 16:50:08.082, 1153478031965, vstest.console.dll, TestRunRequest:SendTestRunMessage: Completed.
TpTrace Verbose: 0 : 13016, 14, 2021/12/14, 16:50:08.082, 1153478032936, vstest.console.dll, TcpClientExtensions.MessageLoopAsync: Polling on remoteEndPoint: 127.0.0.1:65497 localEndPoint: 127.0.0.1:65496
TpTrace Verbose: 0 : 13016, 14, 2021/12/14, 16:50:08.116, 1153478374165, vstest.console.dll, TcpClientExtensions.MessageLoopAsync: NotifyDataAvailable remoteEndPoint: 127.0.0.1:65497 localEndPoint: 127.0.0.1:65496
TpTrace Verbose: 0 : 13016, 14, 2021/12/14, 16:50:08.116, 1153478376146, vstest.console.dll, TestRequestSender.OnExecutionMessageReceived: Received message: {"Version":5,"MessageType":"TestSession.Message","Payload":{"MessageLevel":0,"Message":"Running all tests in C:\\opitech.clases\\Perona.Api\\UnitTest\\bin\\Debug\\net5.0\\fine-code-coverage\\build-output\\UnitTest.dll"}}
TpTrace Verbose: 0 : 13016, 14, 2021/12/14, 16:50:08.116, 1153478378280, vstest.console.dll, TestRunRequest:SendTestRunMessage: Starting.
TpTrace Information: 0 : 13016, 14, 2021/12/14, 16:50:08.116, 1153478379283, vstest.console.dll, TestRunRequest:SendTestRunMessage: Completed.
TpTrace Verbose: 0 : 13016, 14, 2021/12/14, 16:50:08.116, 1153478379602, vstest.console.dll, TcpClientExtensions.MessageLoopAsync: Polling on remoteEndPoint: 127.0.0.1:65497 localEndPoint: 127.0.0.1:65496
TpTrace Verbose: 0 : 13016, 14, 2021/12/14, 16:50:08.278, 1153479992265, vstest.console.dll, TcpClientExtensions.MessageLoopAsync: NotifyDataAvailable remoteEndPoint: 127.0.0.1:65497 localEndPoint: 127.0.0.1:65496
TpTrace Verbose: 0 : 13016, 14, 2021/12/14, 16:50:08.278, 1153479994774, vstest.console.dll, TestRequestSender.OnExecutionMessageReceived: Received message: {"Version":5,"MessageType":"TestSession.Message","Payload":{"MessageLevel":0,"Message":"   NUnit3TestExecutor discovered 6 of 6 NUnit test cases"}}
TpTrace Verbose: 0 : 13016, 14, 2021/12/14, 16:50:08.278, 1153479997367, vstest.console.dll, TestRunRequest:SendTestRunMessage: Starting.
TpTrace Information: 0 : 13016, 14, 2021/12/14, 16:50:08.278, 1153479998295, vstest.console.dll, TestRunRequest:SendTestRunMessage: Completed.
TpTrace Verbose: 0 : 13016, 14, 2021/12/14, 16:50:08.278, 1153479998727, vstest.console.dll, TcpClientExtensions.MessageLoopAsync: Polling on remoteEndPoint: 127.0.0.1:65497 localEndPoint: 127.0.0.1:65496
TpTrace Verbose: 0 : 13016, 14, 2021/12/14, 16:50:08.578, 1153482993351, vstest.console.dll, TcpClientExtensions.MessageLoopAsync: NotifyDataAvailable remoteEndPoint: 127.0.0.1:65497 localEndPoint: 127.0.0.1:65496
TpTrace Verbose: 0 : 13016, 14, 2021/12/14, 16:50:08.578, 1153482995547, vstest.console.dll, TestRequestSender.OnExecutionMessageReceived: Received message: {"Version":5,"MessageType":"TestSession.Message","Payload":{"MessageLevel":0,"Message":"NUnit Adapter 3.17.0.0: Test execution complete"}}
TpTrace Verbose: 0 : 13016, 14, 2021/12/14, 16:50:08.578, 1153482997921, vstest.console.dll, TestRunRequest:SendTestRunMessage: Starting.
TpTrace Information: 0 : 13016, 14, 2021/12/14, 16:50:08.578, 1153482998683, vstest.console.dll, TestRunRequest:SendTestRunMessage: Completed.
TpTrace Verbose: 0 : 13016, 14, 2021/12/14, 16:50:08.578, 1153482999148, vstest.console.dll, TcpClientExtensions.MessageLoopAsync: Polling on remoteEndPoint: 127.0.0.1:65497 localEndPoint: 127.0.0.1:65496
TpTrace Verbose: 0 : 13016, 14, 2021/12/14, 16:50:08.612, 1153483340010, vstest.console.dll, TcpClientExtensions.MessageLoopAsync: NotifyDataAvailable remoteEndPoint: 127.0.0.1:65497 localEndPoint: 127.0.0.1:65496
TpTrace Verbose: 0 : 13016, 14, 2021/12/14, 16:50:08.613, 1153483343863, vstest.console.dll, TestRequestSender.OnExecutionMessageReceived: Received message: {"Version":5,"MessageType":"TestExecution.Completed","Payload":{"TestRunCompleteArgs":{"TestRunStatistics":{"ExecutedTests":6,"Stats":{"Passed":6}},"IsCanceled":false,"IsAborted":false,"Error":null,"AttachmentSets":[],"ElapsedTimeInRunningTests":"00:00:00.5158121","Metrics":{}},"LastRunTests":{"NewTestResults":[{"TestCase":{"Id":"a14662bb-48c4-b047-ec53-50c43ff6385e","FullyQualifiedName":"UnitTest.BridgeTest.ConsignarAhorroTest","DisplayName":"ConsignarAhorroTest","ExecutorUri":"executor://NUnit3TestExecutor","Source":"C:\\opitech.clases\\Perona.Api\\UnitTest\\bin\\Debug\\net5.0\\fine-code-coverage\\build-output\\UnitTest.dll","CodeFilePath":null,"LineNumber":0,"Properties":[]},"Attachments":[],"Outcome":1,"ErrorMessage":null,"ErrorStackTrace":null,"DisplayName":"ConsignarAhorroTest","Messages":[],"ComputerName":"DAVIDHERRERA","Duration":"00:00:00.1354650","StartTime":"2021-12-14T21:50:08.3054928+00:00","EndTime":"2021-12-14T21:50:08.4408989+00:00","Properties":[]},{"TestCase":{"Id":"7ede7a4b-db71-b261-1b8d-ff23bda534b5","FullyQualifiedName":"UnitTest.BridgeTest.ConsignarCorrienteTest","DisplayName":"ConsignarCorrienteTest","ExecutorUri":"executor://NUnit3TestExecutor","Source":"C:\\opitech.clases\\Perona.Api\\UnitTest\\bin\\Debug\\net5.0\\fine-code-coverage\\build-output\\UnitTest.dll","CodeFilePath":null,"LineNumber":0,"Properties":[]},"Attachments":[],"Outcome":1,"ErrorMessage":null,"ErrorStackTrace":null,"DisplayName":"ConsignarCorrienteTest","Messages":[],"ComputerName":"DAVIDHERRERA","Duration":"00:00:00.0052530","StartTime":"2021-12-14T21:50:08.442105+00:00","EndTime":"2021-12-14T21:50:08.4473591+00:00","Properties":[]},{"TestCase":{"Id":"3bd45200-cb97-de35-c191-1d61d1666a24","FullyQualifiedName":"UnitTest.BridgeTest.NotFoundAcountTypeTest","DisplayName":"NotFoundAcountTypeTest","ExecutorUri":"executor://NUnit3TestExecutor","Source":"C:\\opitech.clases\\Perona.Api\\UnitTest\\bin\\Debug\\net5.0\\fine-code-coverage\\build-output\\UnitTest.dll","CodeFilePath":null,"LineNumber":0,"Properties":[]},"Attachments":[],"Outcome":1,"ErrorMessage":null,"ErrorStackTrace":null,"DisplayName":"NotFoundAcountTypeTest","Messages":[],"ComputerName":"DAVIDHERRERA","Duration":"00:00:00.0096140","StartTime":"2021-12-14T21:50:08.447385+00:00","EndTime":"2021-12-14T21:50:08.4569978+00:00","Properties":[]},{"TestCase":{"Id":"2cb693fe-ed7e-262e-a9a4-f3cfb5543610","FullyQualifiedName":"UnitTest.PersonCrudTest.CreatePersonAsyncTest","DisplayName":"CreatePersonAsyncTest","ExecutorUri":"executor://NUnit3TestExecutor","Source":"C:\\opitech.clases\\Perona.Api\\UnitTest\\bin\\Debug\\net5.0\\fine-code-coverage\\build-output\\UnitTest.dll","CodeFilePath":null,"LineNumber":0,"Properties":[]},"Attachments":[],"Outcome":1,"ErrorMessage":null,"ErrorStackTrace":null,"DisplayName":"CreatePersonAsyncTest","Messages":[],"ComputerName":"DAVIDHERRERA","Duration":"00:00:00.0938930","StartTime":"2021-12-14T21:50:08.4587973+00:00","EndTime":"2021-12-14T21:50:08.5526889+00:00","Properties":[]},{"TestCase":{"Id":"1fdb7099-0067-216e-a9db-f9c846ca9a73","FullyQualifiedName":"UnitTest.PersonCrudTest.CreatePersonTest","DisplayName":"CreatePersonTest","ExecutorUri":"executor://NUnit3TestExecutor","Source":"C:\\opitech.clases\\Perona.Api\\UnitTest\\bin\\Debug\\net5.0\\fine-code-coverage\\build-output\\UnitTest.dll","CodeFilePath":null,"LineNumber":0,"Properties":[]},"Attachments":[],"Outcome":1,"ErrorMessage":null,"ErrorStackTrace":null,"DisplayName":"CreatePersonTest","Messages":[],"ComputerName":"DAVIDHERRERA","Duration":"00:00:00.0097249","StartTime":"2021-12-14T21:50:08.5527236+00:00","EndTime":"2021-12-14T21:50:08.5624478+00:00","Properties":[]},{"TestCase":{"Id":"3e1e6465-0cd5-f042-188e-22a9771f7bb4","FullyQualifiedName":"UnitTest.PersonCrudTest.UpdatePersonTest","DisplayName":"UpdatePersonTest","ExecutorUri":"executor://NUnit3TestExecutor","Source":"C:\\opitech.clases\\Perona.Api\\UnitTest\\bin\\Debug\\net5.0\\fine-code-coverage\\build-output\\UnitTest.dll","CodeFilePath":null,"LineNumber":0,"Properties":[]},"Attachments":[],"Outcome":1,"ErrorMessage":null,"ErrorStackTrace":null,"DisplayName":"UpdatePersonTest","Messages":[],"ComputerName":"DAVIDHERRERA","Duration":"00:00:00.0079190","StartTime":"2021-12-14T21:50:08.5624738+00:00","EndTime":"2021-12-14T21:50:08.5703908+00:00","Properties":[]}],"TestRunStatistics":{"ExecutedTests":6,"Stats":{"Passed":6}},"ActiveTests":[]},"RunAttachments":[],"ExecutorUris":["executor://nunit3testexecutor/"]}}
TpTrace Verbose: 0 : 13016, 14, 2021/12/14, 16:50:08.615, 1153483362264, vstest.console.dll, TestRequestSender.EndSession: Sending end session.
TpTrace Verbose: 0 : 13016, 14, 2021/12/14, 16:50:08.615, 1153483364494, vstest.console.dll, ProxyOperationManager.Close: waiting for test host to exit for 100 ms
TpTrace Warning: 0 : 13016, 13, 2021/12/14, 16:50:08.638, 1153483596800, vstest.console.dll, TestHostManagerCallbacks.ErrorReceivedCallback Test host standard error line: 
TpTrace Verbose: 0 : 13016, 8, 2021/12/14, 16:50:08.644, 1153483657632, vstest.console.dll, TestHostProvider.ExitCallBack: Host exited starting callback.
TpTrace Information: 0 : 13016, 8, 2021/12/14, 16:50:08.645, 1153483664168, vstest.console.dll, TestHostManagerCallbacks.ExitCallBack: Testhost processId: 19196 exited with exitcode: 0 error: ''
TpTrace Verbose: 0 : 13016, 8, 2021/12/14, 16:50:08.645, 1153483664690, vstest.console.dll, DotnetTestHostManager.OnHostExited: invoking OnHostExited callback
TpTrace Verbose: 0 : 13016, 8, 2021/12/14, 16:50:08.645, 1153483665011, vstest.console.dll, CrossPlatEngine.TestHostManagerHostExited: calling on client process exit callback.
TpTrace Information: 0 : 13016, 8, 2021/12/14, 16:50:08.645, 1153483665582, vstest.console.dll, TestRequestSender.OnClientProcessExit: Test host process exited. Standard error: 
TpTrace Warning: 0 : 13016, 14, 2021/12/14, 16:50:08.645, 1153483665722, vstest.console.dll, ProxyOperationManager: Timed out waiting for test host to exit. Will terminate process.
TpTrace Information: 0 : 13016, 8, 2021/12/14, 16:50:08.645, 1153483666555, vstest.console.dll, SocketServer.Stop: Stop server endPoint: 127.0.0.1:65496
TpTrace Information: 0 : 13016, 8, 2021/12/14, 16:50:08.645, 1153483666891, vstest.console.dll, SocketServer.Stop: Cancellation requested. Stopping message loop.
TpTrace Verbose: 0 : 13016, 14, 2021/12/14, 16:50:08.646, 1153483673643, vstest.console.dll, ProxyDataCollectionManager.InvokeDataCollectionServiceAction: Starting.
TpTrace Information: 0 : 13016, 14, 2021/12/14, 16:50:08.646, 1153483674483, vstest.console.dll, ProxyDataCollectionManager.AfterTestRunEnd: Get attachment set for datacollector processId: 9532 port: 65493
TpTrace Verbose: 0 : 13016, 14, 2021/12/14, 16:50:08.646, 1153483675105, vstest.console.dll, DataCollectionRequestSender.SendAfterTestRunStartAndGetResult : Send AfterTestRunEnd message with isCancelled: False
TpTrace Verbose: 0 : 13016, 14, 2021/12/14, 16:50:08.650, 1153483713272, vstest.console.dll, DataCollectionRequestSender.SendAfterTestRunStartAndGetResult : Received message: (DataCollection.AfterTestRunEndResult) -> {
  "AttachmentSets": [],
  "Metrics": {}
}
TpTrace Warning: 0 : 13016, 10, 2021/12/14, 16:50:08.654, 1153483753436, vstest.console.dll, DataCollectionLauncher.ErrorReceivedCallback datacollector standard error line: 
TpTrace Information: 0 : 13016, 14, 2021/12/14, 16:50:08.654, 1153483757541, vstest.console.dll, ProxyDataCollectionManager.InvokeDataCollectionServiceAction: Completed.
TpTrace Information: 0 : 13016, 8, 2021/12/14, 16:50:08.657, 1153483781900, vstest.console.dll, DataCollectionLauncher.ExitCallBack: Data collector exited with exitcode: 0 error: ''
TpTrace Verbose: 0 : 13016, 14, 2021/12/14, 16:50:08.694, 1153484160101, vstest.console.dll, TestRunRequest:SendTestRunStatsChange: Starting.
TpTrace Information: 0 : 13016, 14, 2021/12/14, 16:50:08.695, 1153484162787, vstest.console.dll, TestRunRequest:SendTestRunStatsChange: Completed.
TpTrace Verbose: 0 : 13016, 14, 2021/12/14, 16:50:08.695, 1153484164236, vstest.console.dll, ParallelProxyExecutionManager: HandlePartialRunComplete: Total completed clients = 1, Run complete = True, Run canceled: False.
TpTrace Verbose: 0 : 13016, 14, 2021/12/14, 16:50:08.711, 1153484321193, vstest.console.dll, TestRunRequest:TestRunComplete: Starting. IsAborted:False IsCanceled:False.
TpTrace Verbose: 0 : 13016, 14, 2021/12/14, 16:50:08.711, 1153484323682, vstest.console.dll, TestLoggerManager.HandleTestRunComplete: Ignoring as the object is disposed.
TpTrace Information: 0 : 13016, 14, 2021/12/14, 16:50:08.711, 1153484328149, vstest.console.dll, TestRunRequest:TestRunComplete: Completed.
TpTrace Verbose: 0 : 13016, 14, 2021/12/14, 16:50:08.711, 1153484329763, vstest.console.dll, TestRequestSender.SetOperationComplete: Setting operation complete.
TpTrace Verbose: 0 : 13016, 1, 2021/12/14, 16:50:08.711, 1153484328765, vstest.console.dll, TestRunRequest.Dispose: Starting.
TpTrace Information: 0 : 13016, 14, 2021/12/14, 16:50:08.711, 1153484330263, vstest.console.dll, SocketServer.Stop: Stop server endPoint: 127.0.0.1:65496
TpTrace Information: 0 : 13016, 1, 2021/12/14, 16:50:08.711, 1153484331062, vstest.console.dll, TestRunRequest.Dispose: Completed.
TpTrace Information: 0 : 13016, 14, 2021/12/14, 16:50:08.712, 1153484331628, vstest.console.dll, SocketServer.Stop: Cancellation requested. Stopping message loop.
TpTrace Information: 0 : 13016, 1, 2021/12/14, 16:50:08.712, 1153484332142, vstest.console.dll, TestRequestManager.RunTests: run tests completed.
TpTrace Information: 0 : 13016, 14, 2021/12/14, 16:50:08.712, 1153484332893, vstest.console.dll, SocketServer.PrivateStop: Stopping server endPoint: 127.0.0.1:65496 error: 
TpTrace Information: 0 : 13016, 1, 2021/12/14, 16:50:08.712, 1153484333465, vstest.console.dll, RunTestsArgumentProcessor:Execute: Test run is completed.
TpTrace Verbose: 0 : 13016, 1, 2021/12/14, 16:50:08.712, 1153484335199, vstest.console.dll, Executor.Execute: Exiting with exit code of 0
TpTrace Verbose: 0 : 13016, 14, 2021/12/14, 16:50:08.712, 1153484337868, vstest.console.dll, LengthPrefixCommunicationChannel.Dispose: Dispose reader and writer.
TpTrace Information: 0 : 13016, 14, 2021/12/14, 16:50:08.712, 1153484338501, vstest.console.dll, SocketServer.Stop: Raise disconnected event endPoint: 127.0.0.1:65496 error: 
TpTrace Verbose: 0 : 13016, 14, 2021/12/14, 16:50:08.712, 1153484338980, vstest.console.dll, TestRequestSender: OnTestRunAbort: Operation is already complete. Skip error message.
TpTrace Verbose: 0 : 13016, 14, 2021/12/14, 16:50:08.712, 1153484339172, vstest.console.dll, TcpClientExtensions.MessageLoopAsync: exiting MessageLoopAsync remoteEndPoint: 127.0.0.1:65497 localEndPoint: 127.0.0.1:65496
